[11492:16328:2021-3-24 21:6:53.619] Main Start
[11492:16328:2021-3-24 21:6:53.619] Command line:"C:\Users\csehi\Downloads\Zoom_cm_ds_mizDO+01Im4engO5b1TH7HX8haNu4exyJpEjB@gID1Lgix-fhE32jc_k6375605bced4d37b_.exe"  Instance:0xE00000 Show State:1
[11492:16328:2021-3-24 21:6:53.638] C:\
[11492:15596:2021-3-24 21:6:53.639] [process_requst] start, url:https://zoom.us/conf/launch
[11492:15596:2021-3-24 21:6:56.123] [req_state_read_status_code] zHttpQueryInfo complete, status:200
[11492:15596:2021-3-24 21:6:56.123] [req_state_read_status_code] zHttpQueryInfo complete, status:200 Error: 0
[11492:15596:2021-3-24 21:6:56.127] [log_response_content] Content length (1048576 as unknown):1297 , Total read: 1297 , Error No: 0 , Status code: 200
[11492:15596:2021-3-24 21:6:56.127] [log_response_content] header:
[11492:15596:2021-3-24 21:6:56.127] HTTP/1.1 200 
Date: Wed, 24 Mar 2021 15:36:58 GMT
Content-Type: text/plain;charset=utf-8
Content-Length: 1297
Connection: keep-alive
x-zm-trackingid: WEB_44d8f3a99ea678de6efd6c59a0a02ad5
X-Content-Type-Options: nosniff
Content-Security-Policy: upgrade-insecure-requests; default-src https://*.zoom.us https://zoom.us https://us01pbxstatic.zoom.us blob: 'self'; script-src 'unsafe-eval' 'unsafe-inline' blob: about: https://ruanshi2.8686c.com https://ajax.aspnetcdn.com/ajax/3.5/MicrosoftAjax.js https://appsforoffice.microsoft.com https://assets.zendesk.com https://autocomplete.demandbase.com https://cdn.wootric.com https://cdncache-a.akamaihd.net https://connect.facebook.net https://consent.trustarc.com https://d.adroll.mgr.consensu.org https://d2b9h3rz4xo53c.cloudfront.net https://d24cgw3uvb9a9h.cloudfront.net https://googleads.g.doubleclick.net https://pi.pardot.com https://s.dcbap.com https://s.ytimg.com https://s3.amazonaws.com https://scout-cdn.salesloft.com https://sealserver.trustwave.com https://secure-cdn.mplxtms.com https://serve2.cheqzone.com https://snap.licdn.com https://sp.analytics.yahoo.com https://static.zdassets.com https://static2.sharepointonline.com https://tag.demandbase.com https://tpc.googlesyndication.com https://tracking.g2crowd.com https://trk.techtarget.com https://www.comeet.co https://www.dropbox.com https://www.google-analytics.com https://static.zoom.com.cn https://www.googleadservices.com/pagead/conversion_async.js https://www.googletagmanager.com/gtm.js https://www.googletagmanager.com/* https://optimize.google.com https://tagmanager.google.com https://www.gstatic.com/recaptcha/releases/ https://www.gstatic.cn/recaptcha/releases/ https://google.com https://docs.google.com https://cse.google.com https://maps.google.com https://www.google.com https://www.recaptcha.net https://linkedin.com https://platform.linkedin.com https://px.ads.linkedin.com https://ads.linkedin.com https://www.youtube.com https://us01pbxstatic.zoom.us https://www.gstatic.com https://www.gstatic.cn https://fonts.googleapis.com https://hcaptcha.com https://assets.hcaptcha.com https://*.ada.support https://*.adroll.com https://*.hotjar.com https://*.zoom.us https://*.zoomcloudpbx.com https://*.zoomus.cn https://*.zopim.com https://adroll.com https://zoom.us https://apis.google.com https://gstatic.zoom.com.cn 'self'; img-src https: about: blob: data: 'self'; style-src https: safari-extension: chrome-extension: 'unsafe-inline' data: 'self'; font-src https: safari-extension: chrome-extension: blob: data: 'self'; connect-src * about: blob: data: 'self'; media-src * rtmp: blob: data: 'self'; frame-src https: ms-appx-web: zoommtg: zoomus: wvjbscheme: data: 'self'; object-src 'none'; base-uri 'none';
X-FRAME-OPTIONS: SAMEORIGIN
Set-Cookie: zm_aid=""; Domain=.zoom.us; Expires=Thu, 01-Jan-1970 00:00:10 GMT; Path=/; Secure; HttpOnly
Set-Cookie: zm_haid=""; Domain=.zoom.us; Expires=Thu, 01-Jan-1970 00:00:10 GMT; Path=/; Secure; HttpOnly
Set-Cookie: web_zak=""; Domain=.zoom.us; Expires=Thu, 01-Jan-1970 00:00:10 GMT; Path=/; Secure; HttpOnly
Set-Cookie: cred=1498B5F620B1E991024017F35C72152A; Path=/; Secure; HttpOnly
Set-Cookie: _zm_page_auth=aw1_c_-MsDL563QPum9Nbv7UQ5Zw; Domain=.zoom.us; Path=/; Secure; HttpOnly
p3p: CP="NOI ADM DEV PSAi COM NAV OUR OTR STP IND DEM"
Set-Cookie: _zm_ssid=aw1_c_OCCJm5XhRKaLL51I6IjZtA; Domain=.zoom.us; Path=/; Secure; HttpOnly
Set-Cookie: _zm_ctaid=rNC9qpzpQcWjgR_HjHYGHA.1616600218399.bd8ea5f8d63d52bbc48033594b788d14; Domain=.zoom.us; Expires=Wed, 24-Mar-2021 17:36:58 GMT; Path=/; Secure; HttpOnly
Set-Cookie: _zm_chtaid=971; Domain=.zoom.us; Expires=Wed, 24-Mar-2021 17:36:58 GMT; Path=/; Secure; HttpOnly
Strict-Transport-Security: max-age=31536000; includeSubDomains
X-XSS-Protection: 1; mode=block
Referrer-Policy: strict-origin-when-cross-origin


[11492:15596:2021-3-24 21:6:56.127] [process_requst] End for url:https://zoom.us/conf/launch, return code:200, Error:0, Response content size:1297
[11492:16328:2021-3-24 21:6:56.136] [client_has_installed_app] found path:
[11492:16328:2021-3-24 21:6:56.136]  ***NULL-POINTER-PLACEHOLDER***
[11492:16328:2021-3-24 21:6:56.137] [param_query_local_path] path is: C:\Users\csehi\AppData\Roaming\Zoom\ZoomDownload\ dir create response : 1 system error: 1008
[11492:16328:2021-3-24 21:6:56.137] [downloader_run] State:0
[11492:2836:2021-3-24 21:6:56.137] [process_requst] start, url:https://zoom.us/client/latest/Installer.exe
[11492:16328:2021-3-24 21:6:56.138] [client_has_installed_app] found path:
[11492:16328:2021-3-24 21:6:56.138]  ***NULL-POINTER-PLACEHOLDER***
[11492:2836:2021-3-24 21:6:58.416] [req_state_read_status_code] zHttpQueryInfo complete, status:200
[11492:2836:2021-3-24 21:6:58.416] [req_state_read_status_code] zHttpQueryInfo complete, status:200 Error: 0
[11492:2836:2021-3-24 21:7:0.976] [read_response_file] Status Code:200, content length: 756456, total read: 756456, error code: 0
[11492:2836:2021-3-24 21:7:1.53] [process_requst] End for url:https://zoom.us/client/latest/Installer.exe, return code:200, Error:0, Response content size:0
[11492:16328:2021-3-24 21:7:1.71] [handle_download_job_done] Index: 1 Curr index: 1 StatusCode: 200 Error: 0 Response is Empty. 
[11492:2836:2021-3-24 21:7:1.151] [process_requst] start, url:https://zoom.us/client/latest/Zoom.msi
[11492:16328:2021-3-24 21:7:1.884] [downloader_cancel] State:1
[11492:2836:2021-3-24 21:7:3.18] [req_state_read_status_code] zHttpQueryInfo complete, status:200
[11492:2836:2021-3-24 21:7:3.18] [req_state_read_status_code] zHttpQueryInfo complete, status:200 Error: 0
[11492:2836:2021-3-24 21:7:3.92] [read_response_file] Status Code:200, content length: 14885357, total read: 16384, error code: 1011
[11492:2836:2021-3-24 21:7:3.116] [process_requst] End for url:https://zoom.us/client/latest/Zoom.msi, return code:200, Error:1011, Response content size:0
[11492:16328:2021-3-24 21:7:3.131] Main End
